<?xml version="1.0" encoding="UTF-8"?>
<testsuite name="resources.CucumbRunnerTest" time="0" tests="15" errors="0" skipped="12" failures="0">
  <properties>
[...]
</properties>
  <testcase name="Given produto ainda nao foi cadastrado" classname="Scenario: produto foi cadastrado com sucesso" time="0">
    <skipped/>
  </testcase>
  <testcase name="When Eu quero cadastrar o produto" classname="Scenario: produto foi cadastrado com sucesso" time="0">
    <skipped/>
  </testcase>
  <testcase name="Then mensagem de sucesso" classname="Scenario: produto foi cadastrado com sucesso" time="0">
    <skipped/>
  </testcase>
  <testcase name="Scenario: produto foi cadastrado com sucesso" classname="Scenario: produto foi cadastrado com sucesso" time="0">
    <skipped/>
  </testcase>
  <testcase name="Scenario: produto foi cadastrado com sucesso" classname="Scenario: produto foi cadastrado com sucesso" time="0.009"/>
  <testcase name="Given produto já foi cadastrado" classname="Scenario: produto já cadastrado" time="0">
    <skipped/>
  </testcase>
  <testcase name="When Eu quero cadastrar o produto existente" classname="Scenario: produto já cadastrado" time="0">
    <skipped/>
  </testcase>
  <testcase name="Then mensagem de produto já cadastrado" classname="Scenario: produto já cadastrado" time="0">
    <skipped/>
  </testcase>
  <testcase name="Scenario: produto já cadastrado" classname="Scenario: produto já cadastrado" time="0">
    <skipped/>
  </testcase>
  <testcase name="Scenario: produto já cadastrado" classname="Scenario: produto já cadastrado" time="0"/>
  <testcase name="Given produto ainda nao foi cadastrado" classname="Scenario: produto não foi cadastrado" time="0">
    <skipped/>
  </testcase>
  <testcase name="When Eu quero cadastrar o produto sem nome" classname="Scenario: produto não foi cadastrado" time="0">
    <skipped/>
  </testcase>
  <testcase name="Then mensegem de erro no preenchimento do produto" classname="Scenario: produto não foi cadastrado" time="0">
    <skipped/>
  </testcase>
  <testcase name="Scenario: produto não foi cadastrado" classname="Scenario: produto não foi cadastrado" time="0">
    <skipped/>
  </testcase>
  <testcase name="Scenario: produto não foi cadastrado" classname="Scenario: produto não foi cadastrado" time="0"/>
</testsuite>