# JRE version: Java(TM) SE Runtime Environment (8.0_111-b14) (build 1.8.0_111-b14)
# Java VM: Java HotSpot(TM) 64-Bit Server VM (25.111-b14 mixed mode windows-amd64 compressed oops)
Heap:
 PSYoungGen      total 171520K, used 4167K [0x00000000d5c00000, 0x00000000e3000000, 0x0000000100000000)
  eden space 158720K, 0% used [0x00000000d5c00000,0x00000000d5c00000,0x00000000df700000)
  from space 12800K, 32% used [0x00000000df700000,0x00000000dfb11fd0,0x00000000e0380000)
  to   space 11264K, 0% used [0x00000000e0380000,0x00000000e0380000,0x00000000e0e80000)
 ParOldGen       total 97280K, used 21036K [0x0000000081400000, 0x0000000087300000, 0x00000000d5c00000)
  object space 97280K, 21% used [0x0000000081400000,0x000000008288b130,0x0000000087300000)
 Metaspace       used 38087K, capacity 38404K, committed 38656K, reserved 1089536K
  class space    used 4961K, capacity 5063K, committed 5120K, reserved 1048576K
GC Heap History (10 events):
Event: 1.903 GC heap before
{Heap before GC invocations=6 (full 1):
 PSYoungGen      total 71680K, used 5091K [0x00000000d5c00000, 0x00000000df300000, 0x0000000100000000)
  eden space 66560K, 0% used [0x00000000d5c00000,0x00000000d5c00000,0x00000000d9d00000)
  from space 5120K, 99% used [0x00000000d9d00000,0x00000000da1f8f20,0x00000000da200000)
  to   space 10752K, 0% used [0x00000000de880000,0x00000000de880000,0x00000000df300000)
 ParOldGen       total 87552K, used 12702K [0x0000000081400000, 0x0000000086980000, 0x00000000d5c00000)
  object space 87552K, 14% used [0x0000000081400000,0x0000000082067a20,0x0000000086980000)
 Metaspace       used 20846K, capacity 21160K, committed 21296K, reserved 1069056K
  class space    used 2568K, capacity 2669K, committed 2688K, reserved 1048576K
Event: 1.942 GC heap after
Heap after GC invocations=6 (full 1):
 PSYoungGen      total 71680K, used 0K [0x00000000d5c00000, 0x00000000df300000, 0x0000000100000000)
  eden space 66560K, 0% used [0x00000000d5c00000,0x00000000d5c00000,0x00000000d9d00000)
  from space 5120K, 0% used [0x00000000d9d00000,0x00000000d9d00000,0x00000000da200000)
  to   space 10752K, 0% used [0x00000000de880000,0x00000000de880000,0x00000000df300000)
 ParOldGen       total 61952K, used 10458K [0x0000000081400000, 0x0000000085080000, 0x00000000d5c00000)
  object space 61952K, 16% used [0x0000000081400000,0x0000000081e36b48,0x0000000085080000)
 Metaspace       used 20846K, capacity 21160K, committed 21296K, reserved 1069056K
  class space    used 2568K, capacity 2669K, committed 2688K, reserved 1048576K
}
Event: 2.754 GC heap before
{Heap before GC invocations=7 (full 1):
 PSYoungGen      total 71680K, used 66560K [0x00000000d5c00000, 0x00000000df300000, 0x0000000100000000)
  eden space 66560K, 100% used [0x00000000d5c00000,0x00000000d9d00000,0x00000000d9d00000)
  from space 5120K, 0% used [0x00000000d9d00000,0x00000000d9d00000,0x00000000da200000)
  to   space 10752K, 0% used [0x00000000de880000,0x00000000de880000,0x00000000df300000)
 ParOldGen       total 61952K, used 10458K [0x0000000081400000, 0x0000000085080000, 0x00000000d5c00000)
  object space 61952K, 16% used [0x0000000081400000,0x0000000081e36b48,0x0000000085080000)
 Metaspace       used 24526K, capacity 24842K, committed 25216K, reserved 1071104K
  class space    used 3071K, capacity 3160K, committed 3200K, reserved 1048576K
Event: 2.763 GC heap after
Heap after GC invocations=7 (full 1):
 PSYoungGen      total 110592K, used 5606K [0x00000000d5c00000, 0x00000000dee00000, 0x0000000100000000)
  eden space 104960K, 0% used [0x00000000d5c00000,0x00000000d5c00000,0x00000000dc280000)
  from space 5632K, 99% used [0x00000000de880000,0x00000000dedf9a80,0x00000000dee00000)
  to   space 10752K, 0% used [0x00000000dd900000,0x00000000dd900000,0x00000000de380000)
 ParOldGen       total 61952K, used 10466K [0x0000000081400000, 0x0000000085080000, 0x00000000d5c00000)
  object space 61952K, 16% used [0x0000000081400000,0x0000000081e38b48,0x0000000085080000)
 Metaspace       used 24526K, capacity 24842K, committed 25216K, reserved 1071104K
  class space    used 3071K, capacity 3160K, committed 3200K, reserved 1048576K
}
Event: 4.155 GC heap before
{Heap before GC invocations=8 (full 1):
 PSYoungGen      total 110592K, used 110566K [0x00000000d5c00000, 0x00000000dee00000, 0x0000000100000000)
  eden space 104960K, 100% used [0x00000000d5c00000,0x00000000dc280000,0x00000000dc280000)
  from space 5632K, 99% used [0x00000000de880000,0x00000000dedf9a80,0x00000000dee00000)
  to   space 10752K, 0% used [0x00000000dd900000,0x00000000dd900000,0x00000000de380000)
 ParOldGen       total 61952K, used 10466K [0x0000000081400000, 0x0000000085080000, 0x00000000d5c00000)
  object space 61952K, 16% used [0x0000000081400000,0x0000000081e38b48,0x0000000085080000)
 Metaspace       used 28874K, capacity 29214K, committed 29568K, reserved 1075200K
  class space    used 3594K, capacity 3686K, committed 3712K, reserved 1048576K
Event: 4.165 GC heap after
Heap after GC invocations=8 (full 1):
 PSYoungGen      total 138752K, used 9331K [0x00000000d5c00000, 0x00000000e0e80000, 0x0000000100000000)
  eden space 128000K, 0% used [0x00000000d5c00000,0x00000000d5c00000,0x00000000dd900000)
  from space 10752K, 86% used [0x00000000dd900000,0x00000000de21cd78,0x00000000de380000)
  to   space 11264K, 0% used [0x00000000e0380000,0x00000000e0380000,0x00000000e0e80000)
 ParOldGen       total 61952K, used 10474K [0x0000000081400000, 0x0000000085080000, 0x00000000d5c00000)
  object space 61952K, 16% used [0x0000000081400000,0x0000000081e3ab48,0x0000000085080000)
 Metaspace       used 28874K, capacity 29214K, committed 29568K, reserved 1075200K
  class space    used 3594K, capacity 3686K, committed 3712K, reserved 1048576K
}
Event: 5.175 GC heap before
{Heap before GC invocations=9 (full 1):
 PSYoungGen      total 138752K, used 50496K [0x00000000d5c00000, 0x00000000e0e80000, 0x0000000100000000)
  eden space 128000K, 32% used [0x00000000d5c00000,0x00000000d8433620,0x00000000dd900000)
  from space 10752K, 86% used [0x00000000dd900000,0x00000000de21cd78,0x00000000de380000)
  to   space 11264K, 0% used [0x00000000e0380000,0x00000000e0380000,0x00000000e0e80000)
 ParOldGen       total 61952K, used 10474K [0x0000000081400000, 0x0000000085080000, 0x00000000d5c00000)
  object space 61952K, 16% used [0x0000000081400000,0x0000000081e3ab48,0x0000000085080000)
 Metaspace       used 34872K, capacity 35236K, committed 35496K, reserved 1081344K
  class space    used 4494K, capacity 4583K, committed 4608K, reserved 1048576K
Event: 5.188 GC heap after
Heap after GC invocations=9 (full 1):
 PSYoungGen      total 169984K, used 11257K [0x00000000d5c00000, 0x00000000e3000000, 0x0000000100000000)
  eden space 158720K, 0% used [0x00000000d5c00000,0x00000000d5c00000,0x00000000df700000)
  from space 11264K, 99% used [0x00000000e0380000,0x00000000e0e7e528,0x00000000e0e80000)
  to   space 12800K, 0% used [0x00000000df700000,0x00000000df700000,0x00000000e0380000)
 ParOldGen       total 61952K, used 11339K [0x0000000081400000, 0x0000000085080000, 0x00000000d5c00000)
  object space 61952K, 18% used [0x0000000081400000,0x0000000081f12cd0,0x0000000085080000)
 Metaspace       used 34872K, capacity 35236K, committed 35496K, reserved 1081344K
  class space    used 4494K, capacity 4583K, committed 4608K, reserved 1048576K
}
Event: 5.188 GC heap before
{Heap before GC invocations=10 (full 2):
 PSYoungGen      total 169984K, used 11257K [0x00000000d5c00000, 0x00000000e3000000, 0x0000000100000000)
  eden space 158720K, 0% used [0x00000000d5c00000,0x00000000d5c00000,0x00000000df700000)
  from space 11264K, 99% used [0x00000000e0380000,0x00000000e0e7e528,0x00000000e0e80000)
  to   space 12800K, 0% used [0x00000000df700000,0x00000000df700000,0x00000000e0380000)
 ParOldGen       total 61952K, used 11339K [0x0000000081400000, 0x0000000085080000, 0x00000000d5c00000)
  object space 61952K, 18% used [0x0000000081400000,0x0000000081f12cd0,0x0000000085080000)
 Metaspace       used 34872K, capacity 35236K, committed 35496K, reserved 1081344K
  class space    used 4494K, capacity 4583K, committed 4608K, reserved 1048576K
Event: 5.267 GC heap after
Heap after GC invocations=10 (full 2):
 PSYoungGen      total 169984K, used 0K [0x00000000d5c00000, 0x00000000e3000000, 0x0000000100000000)
  eden space 158720K, 0% used [0x00000000d5c00000,0x00000000d5c00000,0x00000000df700000)
  from space 11264K, 0% used [0x00000000e0380000,0x00000000e0380000,0x00000000e0e80000)
  to   space 12800K, 0% used [0x00000000df700000,0x00000000df700000,0x00000000e0380000)
 ParOldGen       total 97280K, used 21028K [0x0000000081400000, 0x0000000087300000, 0x00000000d5c00000)
  object space 97280K, 21% used [0x0000000081400000,0x0000000082889130,0x0000000087300000)
 Metaspace       used 34872K, capacity 35236K, committed 35496K, reserved 1081344K
  class space    used 4494K, capacity 4583K, committed 4608K, reserved 1048576K
}

